2021-09-30-16:14:05.340 INFO [main]-org.springframework.boot.StartupInfoLogger:55>>Starting ApiApplication using Java 1.8.0_271 on yhf with PID 2936 (D:\javacode\qfmall2\fmmall\api\target\classes started by Lenovo in D:\javacode\qfmall2\fmmall)
2021-09-30-16:14:05.344 INFO [main]-org.springframework.boot.SpringApplication:662>>No active profile set, falling back to default profiles: default
2021-09-30-16:14:07.384 WARN [main]-org.mybatis.logging.Logger:44>>No MyBatis mapper was found in '[com.qfedu.fmmall]' package. Please check your configuration.
2021-09-30-16:14:07.951 INFO [main]-org.springframework.boot.web.embedded.tomcat.TomcatWebServer:108>>Tomcat initialized with port(s): 8080 (http)
2021-09-30-16:14:07.967 INFO [main]-org.apache.juli.logging.DirectJDKLog:173>>Initializing ProtocolHandler ["http-nio-8080"]
2021-09-30-16:14:07.967 INFO [main]-org.apache.juli.logging.DirectJDKLog:173>>Starting service [Tomcat]
2021-09-30-16:14:07.968 INFO [main]-org.apache.juli.logging.DirectJDKLog:173>>Starting Servlet engine: [Apache Tomcat/9.0.44]
2021-09-30-16:14:08.120 INFO [main]-org.apache.juli.logging.DirectJDKLog:173>>Initializing Spring embedded WebApplicationContext
2021-09-30-16:14:08.120 INFO [main]-org.springframework.boot.web.servlet.context.ServletWebServerApplicationContext:289>>Root WebApplicationContext: initialization completed in 2659 ms
2021-09-30-16:14:08.261 INFO [main]-com.alibaba.druid.spring.boot.autoconfigure.DruidDataSourceAutoConfigure:56>>Init DruidDataSource
2021-09-30-16:14:08.440 INFO [main]-com.alibaba.druid.pool.DruidDataSource:994>>{dataSource-1} inited
2021-09-30-16:14:09.927 INFO [main]-springfox.documentation.spring.web.PropertySourcedRequestMappingHandlerMapping:69>>Mapped URL path [/v2/api-docs] onto method [springfox.documentation.swagger2.web.Swagger2Controller#getDocumentation(String, HttpServletRequest)]
2021-09-30-16:14:10.075 INFO [main]-org.springframework.scheduling.concurrent.ExecutorConfigurationSupport:181>>Initializing ExecutorService 'applicationTaskExecutor'
2021-09-30-16:14:10.233 INFO [main]-tk.mybatis.mapper.autoconfigure.MapperCacheDisabler:60>>Clear tk.mybatis.mapper.util.MsUtil CLASS_CACHE cache.
2021-09-30-16:14:10.234 INFO [main]-tk.mybatis.mapper.autoconfigure.MapperCacheDisabler:60>>Clear tk.mybatis.mapper.genid.GenIdUtil CACHE cache.
2021-09-30-16:14:10.235 INFO [main]-tk.mybatis.mapper.autoconfigure.MapperCacheDisabler:60>>Clear tk.mybatis.mapper.version.VersionUtil CACHE cache.
2021-09-30-16:14:10.236 INFO [main]-tk.mybatis.mapper.autoconfigure.MapperCacheDisabler:83>>Clear EntityHelper entityTableMap cache.
2021-09-30-16:14:10.302 INFO [main]-org.quartz.impl.StdSchedulerFactory:1220>>Using default implementation for ThreadExecutor
2021-09-30-16:14:10.314 INFO [main]-org.quartz.core.SchedulerSignalerImpl:61>>Initialized Scheduler Signaller of type: class org.quartz.core.SchedulerSignalerImpl
2021-09-30-16:14:10.314 INFO [main]-org.quartz.core.QuartzScheduler:229>>Quartz Scheduler v.2.3.2 created.
2021-09-30-16:14:10.315 INFO [main]-org.quartz.simpl.RAMJobStore:155>>RAMJobStore initialized.
2021-09-30-16:14:10.316 INFO [main]-org.quartz.core.QuartzScheduler:294>>Scheduler meta-data: Quartz Scheduler (v2.3.2) 'quartzScheduler' with instanceId 'NON_CLUSTERED'
  Scheduler class: 'org.quartz.core.QuartzScheduler' - running locally.
  NOT STARTED.
  Currently in standby mode.
  Number of jobs executed: 0
  Using thread pool 'org.quartz.simpl.SimpleThreadPool' - with 10 threads.
  Using job-store 'org.quartz.simpl.RAMJobStore' - which does not support persistence. and is not clustered.

2021-09-30-16:14:10.316 INFO [main]-org.quartz.impl.StdSchedulerFactory:1374>>Quartz scheduler 'quartzScheduler' initialized from an externally provided properties instance.
2021-09-30-16:14:10.316 INFO [main]-org.quartz.impl.StdSchedulerFactory:1378>>Quartz scheduler version: 2.3.2
2021-09-30-16:14:10.316 INFO [main]-org.quartz.core.QuartzScheduler:2293>>JobFactory set to: org.springframework.scheduling.quartz.SpringBeanJobFactory@4d09cade
2021-09-30-16:14:10.323 INFO [main]-org.springframework.scheduling.concurrent.ExecutorConfigurationSupport:181>>Initializing ExecutorService 'taskScheduler'
2021-09-30-16:14:10.380 INFO [main]-org.apache.juli.logging.DirectJDKLog:173>>Starting ProtocolHandler ["http-nio-8080"]
2021-09-30-16:14:10.401 INFO [main]-org.springframework.boot.web.embedded.tomcat.TomcatWebServer:220>>Tomcat started on port(s): 8080 (http) with context path ''
2021-09-30-16:14:10.403 INFO [main]-springfox.documentation.spring.web.plugins.DocumentationPluginsBootstrapper:160>>Context refreshed
2021-09-30-16:14:10.419 INFO [main]-springfox.documentation.spring.web.plugins.DocumentationPluginsBootstrapper:163>>Found 1 custom documentation plugin(s)
2021-09-30-16:14:10.451 INFO [main]-springfox.documentation.spring.web.scanners.ApiListingReferenceScanner:41>>Scanning for api listing references
2021-09-30-16:14:10.673 INFO [main]-springfox.documentation.spring.web.readers.operation.CachingOperationNameGenerator:40>>Generating unique operation named: listUsingGET_1
2021-09-30-16:14:10.696 INFO [main]-org.springframework.scheduling.quartz.SchedulerFactoryBean:727>>Starting Quartz Scheduler now
2021-09-30-16:14:10.696 INFO [main]-org.quartz.core.QuartzScheduler:547>>Scheduler quartzScheduler_$_NON_CLUSTERED started.
2021-09-30-16:14:10.711 INFO [main]-org.springframework.boot.StartupInfoLogger:61>>Started ApiApplication in 6.753 seconds (JVM running for 9.232)
2021-09-30-16:14:17.645 INFO [http-nio-8080-exec-1]-org.apache.juli.logging.DirectJDKLog:173>>Initializing Spring DispatcherServlet 'dispatcherServlet'
2021-09-30-16:14:17.646 INFO [http-nio-8080-exec-1]-org.springframework.web.servlet.FrameworkServlet:525>>Initializing Servlet 'dispatcherServlet'
2021-09-30-16:14:17.647 INFO [http-nio-8080-exec-1]-org.springframework.web.servlet.FrameworkServlet:547>>Completed initialization in 1 ms
2021-09-30-16:14:23.011 INFO [http-nio-8080-exec-6]-com.qfedu.fmmall.service.impl.OrderServiceImpl:43>>add order begin...
2021-09-30-16:14:23.014 INFO [http-nio-8080-exec-6]-com.qfedu.fmmall.service.impl.OrderServiceImpl:66>>product stock is OK...
2021-09-30-16:14:23.366 INFO [http-nio-8080-exec-6]-com.qfedu.fmmall.service.impl.OrderServiceImpl:100>>add order finished...
2021-09-30-16:18:11.405 INFO [http-nio-8080-exec-2]-com.qfedu.fmmall.service.impl.OrderServiceImpl:43>>add order begin...
2021-09-30-16:18:11.411 INFO [http-nio-8080-exec-2]-com.qfedu.fmmall.service.impl.OrderServiceImpl:66>>product stock is OK...
2021-09-30-16:18:11.478 INFO [http-nio-8080-exec-2]-com.qfedu.fmmall.service.impl.OrderServiceImpl:100>>add order finished...
2021-09-30-16:20:34.894 INFO [main]-org.springframework.boot.StartupInfoLogger:55>>Starting ApiApplication using Java 1.8.0_271 on yhf with PID 12164 (D:\javacode\qfmall2\fmmall\api\target\classes started by Lenovo in D:\javacode\qfmall2\fmmall)
2021-09-30-16:20:34.898 INFO [main]-org.springframework.boot.SpringApplication:662>>No active profile set, falling back to default profiles: default
2021-09-30-16:20:36.439 WARN [main]-org.mybatis.logging.Logger:44>>No MyBatis mapper was found in '[com.qfedu.fmmall]' package. Please check your configuration.
2021-09-30-16:20:37.098 INFO [main]-org.springframework.boot.web.embedded.tomcat.TomcatWebServer:108>>Tomcat initialized with port(s): 8080 (http)
2021-09-30-16:20:37.114 INFO [main]-org.apache.juli.logging.DirectJDKLog:173>>Initializing ProtocolHandler ["http-nio-8080"]
2021-09-30-16:20:37.115 INFO [main]-org.apache.juli.logging.DirectJDKLog:173>>Starting service [Tomcat]
2021-09-30-16:20:37.115 INFO [main]-org.apache.juli.logging.DirectJDKLog:173>>Starting Servlet engine: [Apache Tomcat/9.0.44]
2021-09-30-16:20:37.270 INFO [main]-org.apache.juli.logging.DirectJDKLog:173>>Initializing Spring embedded WebApplicationContext
2021-09-30-16:20:37.270 INFO [main]-org.springframework.boot.web.servlet.context.ServletWebServerApplicationContext:289>>Root WebApplicationContext: initialization completed in 2289 ms
2021-09-30-16:20:37.405 INFO [main]-com.alibaba.druid.spring.boot.autoconfigure.DruidDataSourceAutoConfigure:56>>Init DruidDataSource
2021-09-30-16:20:37.548 INFO [main]-com.alibaba.druid.pool.DruidDataSource:994>>{dataSource-1} inited
2021-09-30-16:20:40.558 INFO [main]-springfox.documentation.spring.web.PropertySourcedRequestMappingHandlerMapping:69>>Mapped URL path [/v2/api-docs] onto method [springfox.documentation.swagger2.web.Swagger2Controller#getDocumentation(String, HttpServletRequest)]
2021-09-30-16:20:40.747 INFO [main]-org.springframework.scheduling.concurrent.ExecutorConfigurationSupport:181>>Initializing ExecutorService 'applicationTaskExecutor'
2021-09-30-16:20:40.945 INFO [main]-tk.mybatis.mapper.autoconfigure.MapperCacheDisabler:60>>Clear tk.mybatis.mapper.util.MsUtil CLASS_CACHE cache.
2021-09-30-16:20:40.946 INFO [main]-tk.mybatis.mapper.autoconfigure.MapperCacheDisabler:60>>Clear tk.mybatis.mapper.genid.GenIdUtil CACHE cache.
2021-09-30-16:20:40.947 INFO [main]-tk.mybatis.mapper.autoconfigure.MapperCacheDisabler:60>>Clear tk.mybatis.mapper.version.VersionUtil CACHE cache.
2021-09-30-16:20:40.947 INFO [main]-tk.mybatis.mapper.autoconfigure.MapperCacheDisabler:83>>Clear EntityHelper entityTableMap cache.
2021-09-30-16:20:41.034 INFO [main]-org.quartz.impl.StdSchedulerFactory:1220>>Using default implementation for ThreadExecutor
2021-09-30-16:20:41.050 INFO [main]-org.quartz.core.SchedulerSignalerImpl:61>>Initialized Scheduler Signaller of type: class org.quartz.core.SchedulerSignalerImpl
2021-09-30-16:20:41.051 INFO [main]-org.quartz.core.QuartzScheduler:229>>Quartz Scheduler v.2.3.2 created.
2021-09-30-16:20:41.052 INFO [main]-org.quartz.simpl.RAMJobStore:155>>RAMJobStore initialized.
2021-09-30-16:20:41.053 INFO [main]-org.quartz.core.QuartzScheduler:294>>Scheduler meta-data: Quartz Scheduler (v2.3.2) 'quartzScheduler' with instanceId 'NON_CLUSTERED'
  Scheduler class: 'org.quartz.core.QuartzScheduler' - running locally.
  NOT STARTED.
  Currently in standby mode.
  Number of jobs executed: 0
  Using thread pool 'org.quartz.simpl.SimpleThreadPool' - with 10 threads.
  Using job-store 'org.quartz.simpl.RAMJobStore' - which does not support persistence. and is not clustered.

2021-09-30-16:20:41.054 INFO [main]-org.quartz.impl.StdSchedulerFactory:1374>>Quartz scheduler 'quartzScheduler' initialized from an externally provided properties instance.
2021-09-30-16:20:41.054 INFO [main]-org.quartz.impl.StdSchedulerFactory:1378>>Quartz scheduler version: 2.3.2
2021-09-30-16:20:41.054 INFO [main]-org.quartz.core.QuartzScheduler:2293>>JobFactory set to: org.springframework.scheduling.quartz.SpringBeanJobFactory@4492b393
2021-09-30-16:20:41.063 INFO [main]-org.springframework.scheduling.concurrent.ExecutorConfigurationSupport:181>>Initializing ExecutorService 'taskScheduler'
2021-09-30-16:20:41.138 INFO [main]-org.apache.juli.logging.DirectJDKLog:173>>Starting ProtocolHandler ["http-nio-8080"]
2021-09-30-16:20:41.168 INFO [main]-org.springframework.boot.web.embedded.tomcat.TomcatWebServer:220>>Tomcat started on port(s): 8080 (http) with context path ''
2021-09-30-16:20:41.169 INFO [main]-springfox.documentation.spring.web.plugins.DocumentationPluginsBootstrapper:160>>Context refreshed
2021-09-30-16:20:41.202 INFO [main]-springfox.documentation.spring.web.plugins.DocumentationPluginsBootstrapper:163>>Found 1 custom documentation plugin(s)
2021-09-30-16:20:41.271 INFO [main]-springfox.documentation.spring.web.scanners.ApiListingReferenceScanner:41>>Scanning for api listing references
2021-09-30-16:20:41.527 INFO [main]-springfox.documentation.spring.web.readers.operation.CachingOperationNameGenerator:40>>Generating unique operation named: listUsingGET_1
2021-09-30-16:20:41.552 INFO [main]-org.springframework.scheduling.quartz.SchedulerFactoryBean:727>>Starting Quartz Scheduler now
2021-09-30-16:20:41.552 INFO [main]-org.quartz.core.QuartzScheduler:547>>Scheduler quartzScheduler_$_NON_CLUSTERED started.
2021-09-30-16:20:41.569 INFO [main]-org.springframework.boot.StartupInfoLogger:61>>Started ApiApplication in 7.502 seconds (JVM running for 14.244)
2021-09-30-16:20:43.325 INFO [http-nio-8080-exec-2]-org.apache.juli.logging.DirectJDKLog:173>>Initializing Spring DispatcherServlet 'dispatcherServlet'
2021-09-30-16:20:43.325 INFO [http-nio-8080-exec-2]-org.springframework.web.servlet.FrameworkServlet:525>>Initializing Servlet 'dispatcherServlet'
2021-09-30-16:20:43.326 INFO [http-nio-8080-exec-2]-org.springframework.web.servlet.FrameworkServlet:547>>Completed initialization in 1 ms
2021-09-30-16:20:52.289 INFO [http-nio-8080-exec-6]-com.qfedu.fmmall.service.impl.OrderServiceImpl:43>>add order begin...
2021-09-30-16:20:52.291 INFO [http-nio-8080-exec-6]-com.qfedu.fmmall.service.impl.OrderServiceImpl:66>>product stock is OK...
2021-09-30-16:20:52.425 INFO [http-nio-8080-exec-6]-com.qfedu.fmmall.service.impl.OrderServiceImpl:100>>add order finished...
2021-09-30-16:23:50.908 INFO [SpringContextShutdownHook]-org.quartz.core.QuartzScheduler:585>>Scheduler quartzScheduler_$_NON_CLUSTERED paused.
2021-09-30-16:23:51.604 INFO [SpringContextShutdownHook]-org.springframework.scheduling.concurrent.ExecutorConfigurationSupport:218>>Shutting down ExecutorService 'taskScheduler'
2021-09-30-16:23:51.605 INFO [SpringContextShutdownHook]-org.springframework.scheduling.quartz.SchedulerFactoryBean:845>>Shutting down Quartz Scheduler
2021-09-30-16:23:51.605 INFO [SpringContextShutdownHook]-org.quartz.core.QuartzScheduler:666>>Scheduler quartzScheduler_$_NON_CLUSTERED shutting down.
2021-09-30-16:23:51.605 INFO [SpringContextShutdownHook]-org.quartz.core.QuartzScheduler:585>>Scheduler quartzScheduler_$_NON_CLUSTERED paused.
2021-09-30-16:23:51.606 INFO [SpringContextShutdownHook]-org.quartz.core.QuartzScheduler:740>>Scheduler quartzScheduler_$_NON_CLUSTERED shutdown complete.
2021-09-30-16:23:51.607 INFO [SpringContextShutdownHook]-org.springframework.scheduling.concurrent.ExecutorConfigurationSupport:218>>Shutting down ExecutorService 'applicationTaskExecutor'
2021-09-30-16:23:51.610 INFO [SpringContextShutdownHook]-com.alibaba.druid.pool.DruidDataSource:2029>>{dataSource-1} closing ...
2021-09-30-16:23:51.693 INFO [SpringContextShutdownHook]-com.alibaba.druid.pool.DruidDataSource:2101>>{dataSource-1} closed
