2021-09-30-14:20:34.396 INFO [main]-org.springframework.boot.StartupInfoLogger:55>>Starting ApiApplication using Java 1.8.0_271 on yhf with PID 3300 (D:\javacode\qfmall2\fmmall\api\target\classes started by Lenovo in D:\javacode\qfmall2\fmmall)
2021-09-30-14:20:34.399 INFO [main]-org.springframework.boot.SpringApplication:662>>No active profile set, falling back to default profiles: default
2021-09-30-14:20:44.580 WARN [main]-org.mybatis.logging.Logger:44>>No MyBatis mapper was found in '[com.qfedu.fmmall]' package. Please check your configuration.
2021-09-30-14:20:46.844 INFO [main]-org.springframework.boot.web.embedded.tomcat.TomcatWebServer:108>>Tomcat initialized with port(s): 8080 (http)
2021-09-30-14:20:46.900 INFO [main]-org.apache.juli.logging.DirectJDKLog:173>>Initializing ProtocolHandler ["http-nio-8080"]
2021-09-30-14:20:46.905 INFO [main]-org.apache.juli.logging.DirectJDKLog:173>>Starting service [Tomcat]
2021-09-30-14:20:46.907 INFO [main]-org.apache.juli.logging.DirectJDKLog:173>>Starting Servlet engine: [Apache Tomcat/9.0.44]
2021-09-30-14:20:48.267 INFO [main]-org.apache.juli.logging.DirectJDKLog:173>>Initializing Spring embedded WebApplicationContext
2021-09-30-14:20:48.268 INFO [main]-org.springframework.boot.web.servlet.context.ServletWebServerApplicationContext:289>>Root WebApplicationContext: initialization completed in 13352 ms
2021-09-30-14:20:49.894 INFO [main]-com.alibaba.druid.spring.boot.autoconfigure.DruidDataSourceAutoConfigure:56>>Init DruidDataSource
2021-09-30-14:20:52.991 INFO [main]-com.alibaba.druid.pool.DruidDataSource:994>>{dataSource-1} inited
2021-09-30-14:20:59.313 INFO [main]-springfox.documentation.spring.web.PropertySourcedRequestMappingHandlerMapping:69>>Mapped URL path [/v2/api-docs] onto method [springfox.documentation.swagger2.web.Swagger2Controller#getDocumentation(String, HttpServletRequest)]
2021-09-30-14:20:59.823 INFO [main]-org.springframework.scheduling.concurrent.ExecutorConfigurationSupport:181>>Initializing ExecutorService 'applicationTaskExecutor'
2021-09-30-14:21:01.071 INFO [main]-tk.mybatis.mapper.autoconfigure.MapperCacheDisabler:60>>Clear tk.mybatis.mapper.util.MsUtil CLASS_CACHE cache.
2021-09-30-14:21:01.072 INFO [main]-tk.mybatis.mapper.autoconfigure.MapperCacheDisabler:60>>Clear tk.mybatis.mapper.genid.GenIdUtil CACHE cache.
2021-09-30-14:21:01.073 INFO [main]-tk.mybatis.mapper.autoconfigure.MapperCacheDisabler:60>>Clear tk.mybatis.mapper.version.VersionUtil CACHE cache.
2021-09-30-14:21:01.073 INFO [main]-tk.mybatis.mapper.autoconfigure.MapperCacheDisabler:83>>Clear EntityHelper entityTableMap cache.
2021-09-30-14:21:02.000 INFO [main]-org.quartz.impl.StdSchedulerFactory:1220>>Using default implementation for ThreadExecutor
2021-09-30-14:21:02.032 INFO [main]-org.quartz.core.SchedulerSignalerImpl:61>>Initialized Scheduler Signaller of type: class org.quartz.core.SchedulerSignalerImpl
2021-09-30-14:21:02.033 INFO [main]-org.quartz.core.QuartzScheduler:229>>Quartz Scheduler v.2.3.2 created.
2021-09-30-14:21:02.034 INFO [main]-org.quartz.simpl.RAMJobStore:155>>RAMJobStore initialized.
2021-09-30-14:21:02.036 INFO [main]-org.quartz.core.QuartzScheduler:294>>Scheduler meta-data: Quartz Scheduler (v2.3.2) 'quartzScheduler' with instanceId 'NON_CLUSTERED'
  Scheduler class: 'org.quartz.core.QuartzScheduler' - running locally.
  NOT STARTED.
  Currently in standby mode.
  Number of jobs executed: 0
  Using thread pool 'org.quartz.simpl.SimpleThreadPool' - with 10 threads.
  Using job-store 'org.quartz.simpl.RAMJobStore' - which does not support persistence. and is not clustered.

2021-09-30-14:21:02.036 INFO [main]-org.quartz.impl.StdSchedulerFactory:1374>>Quartz scheduler 'quartzScheduler' initialized from an externally provided properties instance.
2021-09-30-14:21:02.036 INFO [main]-org.quartz.impl.StdSchedulerFactory:1378>>Quartz scheduler version: 2.3.2
2021-09-30-14:21:02.037 INFO [main]-org.quartz.core.QuartzScheduler:2293>>JobFactory set to: org.springframework.scheduling.quartz.SpringBeanJobFactory@4aa31ffc
2021-09-30-14:21:02.049 INFO [main]-org.springframework.scheduling.concurrent.ExecutorConfigurationSupport:181>>Initializing ExecutorService 'taskScheduler'
2021-09-30-14:21:02.336 INFO [main]-org.apache.juli.logging.DirectJDKLog:173>>Starting ProtocolHandler ["http-nio-8080"]
2021-09-30-14:21:02.678 INFO [main]-org.springframework.boot.web.embedded.tomcat.TomcatWebServer:220>>Tomcat started on port(s): 8080 (http) with context path ''
2021-09-30-14:21:02.680 INFO [main]-springfox.documentation.spring.web.plugins.DocumentationPluginsBootstrapper:160>>Context refreshed
2021-09-30-14:21:02.788 INFO [main]-springfox.documentation.spring.web.plugins.DocumentationPluginsBootstrapper:163>>Found 1 custom documentation plugin(s)
2021-09-30-14:21:03.409 INFO [main]-springfox.documentation.spring.web.scanners.ApiListingReferenceScanner:41>>Scanning for api listing references
2021-09-30-14:21:04.537 INFO [main]-springfox.documentation.spring.web.readers.operation.CachingOperationNameGenerator:40>>Generating unique operation named: listUsingGET_1
2021-09-30-14:21:04.563 INFO [main]-org.springframework.scheduling.quartz.SchedulerFactoryBean:727>>Starting Quartz Scheduler now
2021-09-30-14:21:04.563 INFO [main]-org.quartz.core.QuartzScheduler:547>>Scheduler quartzScheduler_$_NON_CLUSTERED started.
2021-09-30-14:21:04.612 INFO [main]-org.springframework.boot.StartupInfoLogger:61>>Started ApiApplication in 36.386 seconds (JVM running for 64.501)
2021-09-30-14:21:08.455 INFO [http-nio-8080-exec-4]-org.apache.juli.logging.DirectJDKLog:173>>Initializing Spring DispatcherServlet 'dispatcherServlet'
2021-09-30-14:21:08.456 INFO [http-nio-8080-exec-4]-org.springframework.web.servlet.FrameworkServlet:525>>Initializing Servlet 'dispatcherServlet'
2021-09-30-14:21:08.458 INFO [http-nio-8080-exec-4]-org.springframework.web.servlet.FrameworkServlet:547>>Completed initialization in 1 ms
2021-09-30-14:21:50.663 INFO [http-nio-8080-exec-1]-com.qfedu.fmmall.controller.UserController:38>>eyJhbGciOiJIUzI1NiJ9.eyJrZXkxIjoidmFsdWUxIiwia2V5MiI6InZhbHVlMiIsImV4cCI6MTYzMzA2OTMwOX0._kQLCzVeQovBJPoLPN3QimMf4BP3pmplhC42VjlCBsw
2021-09-30-14:22:12.399 INFO [http-nio-8080-exec-2]-com.qfedu.fmmall.service.impl.OrderServiceImpl:43>>add order begin...
2021-09-30-14:22:12.400 INFO [http-nio-8080-exec-2]-com.qfedu.fmmall.service.impl.OrderServiceImpl:66>>product stock is OK...
2021-09-30-14:22:12.489 INFO [http-nio-8080-exec-2]-com.qfedu.fmmall.service.impl.OrderServiceImpl:100>>add order finished...
2021-09-30-14:27:41.521 INFO [main]-org.springframework.boot.StartupInfoLogger:55>>Starting ApiApplication using Java 1.8.0_271 on yhf with PID 14068 (D:\javacode\qfmall2\fmmall\api\target\classes started by Lenovo in D:\javacode\qfmall2\fmmall)
2021-09-30-14:27:41.525 INFO [main]-org.springframework.boot.SpringApplication:662>>No active profile set, falling back to default profiles: default
2021-09-30-14:27:43.305 WARN [main]-org.mybatis.logging.Logger:44>>No MyBatis mapper was found in '[com.qfedu.fmmall]' package. Please check your configuration.
2021-09-30-14:27:44.059 INFO [main]-org.springframework.boot.web.embedded.tomcat.TomcatWebServer:108>>Tomcat initialized with port(s): 8080 (http)
2021-09-30-14:27:44.077 INFO [main]-org.apache.juli.logging.DirectJDKLog:173>>Initializing ProtocolHandler ["http-nio-8080"]
2021-09-30-14:27:44.078 INFO [main]-org.apache.juli.logging.DirectJDKLog:173>>Starting service [Tomcat]
2021-09-30-14:27:44.078 INFO [main]-org.apache.juli.logging.DirectJDKLog:173>>Starting Servlet engine: [Apache Tomcat/9.0.44]
2021-09-30-14:27:44.252 INFO [main]-org.apache.juli.logging.DirectJDKLog:173>>Initializing Spring embedded WebApplicationContext
2021-09-30-14:27:44.253 INFO [main]-org.springframework.boot.web.servlet.context.ServletWebServerApplicationContext:289>>Root WebApplicationContext: initialization completed in 2644 ms
2021-09-30-14:27:44.405 INFO [main]-com.alibaba.druid.spring.boot.autoconfigure.DruidDataSourceAutoConfigure:56>>Init DruidDataSource
2021-09-30-14:27:44.579 INFO [main]-com.alibaba.druid.pool.DruidDataSource:994>>{dataSource-1} inited
2021-09-30-14:27:46.986 INFO [main]-springfox.documentation.spring.web.PropertySourcedRequestMappingHandlerMapping:69>>Mapped URL path [/v2/api-docs] onto method [springfox.documentation.swagger2.web.Swagger2Controller#getDocumentation(String, HttpServletRequest)]
2021-09-30-14:27:47.209 INFO [main]-org.springframework.scheduling.concurrent.ExecutorConfigurationSupport:181>>Initializing ExecutorService 'applicationTaskExecutor'
2021-09-30-14:27:47.468 INFO [main]-tk.mybatis.mapper.autoconfigure.MapperCacheDisabler:60>>Clear tk.mybatis.mapper.util.MsUtil CLASS_CACHE cache.
2021-09-30-14:27:47.469 INFO [main]-tk.mybatis.mapper.autoconfigure.MapperCacheDisabler:60>>Clear tk.mybatis.mapper.genid.GenIdUtil CACHE cache.
2021-09-30-14:27:47.470 INFO [main]-tk.mybatis.mapper.autoconfigure.MapperCacheDisabler:60>>Clear tk.mybatis.mapper.version.VersionUtil CACHE cache.
2021-09-30-14:27:47.471 INFO [main]-tk.mybatis.mapper.autoconfigure.MapperCacheDisabler:83>>Clear EntityHelper entityTableMap cache.
2021-09-30-14:27:47.564 INFO [main]-org.quartz.impl.StdSchedulerFactory:1220>>Using default implementation for ThreadExecutor
2021-09-30-14:27:47.580 INFO [main]-org.quartz.core.SchedulerSignalerImpl:61>>Initialized Scheduler Signaller of type: class org.quartz.core.SchedulerSignalerImpl
2021-09-30-14:27:47.581 INFO [main]-org.quartz.core.QuartzScheduler:229>>Quartz Scheduler v.2.3.2 created.
2021-09-30-14:27:47.582 INFO [main]-org.quartz.simpl.RAMJobStore:155>>RAMJobStore initialized.
2021-09-30-14:27:47.583 INFO [main]-org.quartz.core.QuartzScheduler:294>>Scheduler meta-data: Quartz Scheduler (v2.3.2) 'quartzScheduler' with instanceId 'NON_CLUSTERED'
  Scheduler class: 'org.quartz.core.QuartzScheduler' - running locally.
  NOT STARTED.
  Currently in standby mode.
  Number of jobs executed: 0
  Using thread pool 'org.quartz.simpl.SimpleThreadPool' - with 10 threads.
  Using job-store 'org.quartz.simpl.RAMJobStore' - which does not support persistence. and is not clustered.

2021-09-30-14:27:47.583 INFO [main]-org.quartz.impl.StdSchedulerFactory:1374>>Quartz scheduler 'quartzScheduler' initialized from an externally provided properties instance.
2021-09-30-14:27:47.583 INFO [main]-org.quartz.impl.StdSchedulerFactory:1378>>Quartz scheduler version: 2.3.2
2021-09-30-14:27:47.584 INFO [main]-org.quartz.core.QuartzScheduler:2293>>JobFactory set to: org.springframework.scheduling.quartz.SpringBeanJobFactory@6ddee60f
2021-09-30-14:27:47.593 INFO [main]-org.springframework.scheduling.concurrent.ExecutorConfigurationSupport:181>>Initializing ExecutorService 'taskScheduler'
2021-09-30-14:27:47.709 INFO [main]-org.apache.juli.logging.DirectJDKLog:173>>Starting ProtocolHandler ["http-nio-8080"]
2021-09-30-14:27:47.773 INFO [main]-org.springframework.boot.web.embedded.tomcat.TomcatWebServer:220>>Tomcat started on port(s): 8080 (http) with context path ''
2021-09-30-14:27:47.775 INFO [main]-springfox.documentation.spring.web.plugins.DocumentationPluginsBootstrapper:160>>Context refreshed
2021-09-30-14:27:47.826 INFO [main]-springfox.documentation.spring.web.plugins.DocumentationPluginsBootstrapper:163>>Found 1 custom documentation plugin(s)
2021-09-30-14:27:47.889 INFO [main]-springfox.documentation.spring.web.scanners.ApiListingReferenceScanner:41>>Scanning for api listing references
2021-09-30-14:27:48.221 INFO [main]-springfox.documentation.spring.web.readers.operation.CachingOperationNameGenerator:40>>Generating unique operation named: listUsingGET_1
2021-09-30-14:27:48.249 INFO [main]-org.springframework.scheduling.quartz.SchedulerFactoryBean:727>>Starting Quartz Scheduler now
2021-09-30-14:27:48.250 INFO [main]-org.quartz.core.QuartzScheduler:547>>Scheduler quartzScheduler_$_NON_CLUSTERED started.
2021-09-30-14:27:48.270 INFO [main]-org.springframework.boot.StartupInfoLogger:61>>Started ApiApplication in 8.105 seconds (JVM running for 10.425)
2021-09-30-14:28:16.841 INFO [http-nio-8080-exec-1]-org.apache.juli.logging.DirectJDKLog:173>>Initializing Spring DispatcherServlet 'dispatcherServlet'
2021-09-30-14:28:16.842 INFO [http-nio-8080-exec-1]-org.springframework.web.servlet.FrameworkServlet:525>>Initializing Servlet 'dispatcherServlet'
2021-09-30-14:28:16.843 INFO [http-nio-8080-exec-1]-org.springframework.web.servlet.FrameworkServlet:547>>Completed initialization in 1 ms
2021-09-30-14:28:23.561 INFO [http-nio-8080-exec-6]-com.qfedu.fmmall.service.impl.OrderServiceImpl:43>>add order begin...
2021-09-30-14:28:23.563 INFO [http-nio-8080-exec-6]-com.qfedu.fmmall.service.impl.OrderServiceImpl:66>>product stock is OK...
2021-09-30-14:28:23.658 INFO [http-nio-8080-exec-6]-com.qfedu.fmmall.service.impl.OrderServiceImpl:100>>add order finished...
2021-09-30-14:30:15.571 INFO [main]-org.springframework.boot.StartupInfoLogger:55>>Starting ApiApplication using Java 1.8.0_271 on yhf with PID 13340 (D:\javacode\qfmall2\fmmall\api\target\classes started by Lenovo in D:\javacode\qfmall2\fmmall)
2021-09-30-14:30:15.575 INFO [main]-org.springframework.boot.SpringApplication:662>>No active profile set, falling back to default profiles: default
2021-09-30-14:30:17.167 WARN [main]-org.mybatis.logging.Logger:44>>No MyBatis mapper was found in '[com.qfedu.fmmall]' package. Please check your configuration.
2021-09-30-14:30:17.767 INFO [main]-org.springframework.boot.web.embedded.tomcat.TomcatWebServer:108>>Tomcat initialized with port(s): 8080 (http)
2021-09-30-14:30:17.781 INFO [main]-org.apache.juli.logging.DirectJDKLog:173>>Initializing ProtocolHandler ["http-nio-8080"]
2021-09-30-14:30:17.782 INFO [main]-org.apache.juli.logging.DirectJDKLog:173>>Starting service [Tomcat]
2021-09-30-14:30:17.782 INFO [main]-org.apache.juli.logging.DirectJDKLog:173>>Starting Servlet engine: [Apache Tomcat/9.0.44]
2021-09-30-14:30:17.939 INFO [main]-org.apache.juli.logging.DirectJDKLog:173>>Initializing Spring embedded WebApplicationContext
2021-09-30-14:30:17.940 INFO [main]-org.springframework.boot.web.servlet.context.ServletWebServerApplicationContext:289>>Root WebApplicationContext: initialization completed in 2290 ms
2021-09-30-14:30:18.086 INFO [main]-com.alibaba.druid.spring.boot.autoconfigure.DruidDataSourceAutoConfigure:56>>Init DruidDataSource
2021-09-30-14:30:18.247 INFO [main]-com.alibaba.druid.pool.DruidDataSource:994>>{dataSource-1} inited
2021-09-30-14:30:19.906 INFO [main]-springfox.documentation.spring.web.PropertySourcedRequestMappingHandlerMapping:69>>Mapped URL path [/v2/api-docs] onto method [springfox.documentation.swagger2.web.Swagger2Controller#getDocumentation(String, HttpServletRequest)]
2021-09-30-14:30:20.067 INFO [main]-org.springframework.scheduling.concurrent.ExecutorConfigurationSupport:181>>Initializing ExecutorService 'applicationTaskExecutor'
2021-09-30-14:30:20.263 INFO [main]-tk.mybatis.mapper.autoconfigure.MapperCacheDisabler:60>>Clear tk.mybatis.mapper.util.MsUtil CLASS_CACHE cache.
2021-09-30-14:30:20.265 INFO [main]-tk.mybatis.mapper.autoconfigure.MapperCacheDisabler:60>>Clear tk.mybatis.mapper.genid.GenIdUtil CACHE cache.
2021-09-30-14:30:20.266 INFO [main]-tk.mybatis.mapper.autoconfigure.MapperCacheDisabler:60>>Clear tk.mybatis.mapper.version.VersionUtil CACHE cache.
2021-09-30-14:30:20.266 INFO [main]-tk.mybatis.mapper.autoconfigure.MapperCacheDisabler:83>>Clear EntityHelper entityTableMap cache.
2021-09-30-14:30:20.348 INFO [main]-org.quartz.impl.StdSchedulerFactory:1220>>Using default implementation for ThreadExecutor
2021-09-30-14:30:20.360 INFO [main]-org.quartz.core.SchedulerSignalerImpl:61>>Initialized Scheduler Signaller of type: class org.quartz.core.SchedulerSignalerImpl
2021-09-30-14:30:20.361 INFO [main]-org.quartz.core.QuartzScheduler:229>>Quartz Scheduler v.2.3.2 created.
2021-09-30-14:30:20.362 INFO [main]-org.quartz.simpl.RAMJobStore:155>>RAMJobStore initialized.
2021-09-30-14:30:20.363 INFO [main]-org.quartz.core.QuartzScheduler:294>>Scheduler meta-data: Quartz Scheduler (v2.3.2) 'quartzScheduler' with instanceId 'NON_CLUSTERED'
  Scheduler class: 'org.quartz.core.QuartzScheduler' - running locally.
  NOT STARTED.
  Currently in standby mode.
  Number of jobs executed: 0
  Using thread pool 'org.quartz.simpl.SimpleThreadPool' - with 10 threads.
  Using job-store 'org.quartz.simpl.RAMJobStore' - which does not support persistence. and is not clustered.

2021-09-30-14:30:20.363 INFO [main]-org.quartz.impl.StdSchedulerFactory:1374>>Quartz scheduler 'quartzScheduler' initialized from an externally provided properties instance.
2021-09-30-14:30:20.363 INFO [main]-org.quartz.impl.StdSchedulerFactory:1378>>Quartz scheduler version: 2.3.2
2021-09-30-14:30:20.363 INFO [main]-org.quartz.core.QuartzScheduler:2293>>JobFactory set to: org.springframework.scheduling.quartz.SpringBeanJobFactory@4d09cade
2021-09-30-14:30:20.371 INFO [main]-org.springframework.scheduling.concurrent.ExecutorConfigurationSupport:181>>Initializing ExecutorService 'taskScheduler'
2021-09-30-14:30:20.440 INFO [main]-org.apache.juli.logging.DirectJDKLog:173>>Starting ProtocolHandler ["http-nio-8080"]
2021-09-30-14:30:20.462 INFO [main]-org.springframework.boot.web.embedded.tomcat.TomcatWebServer:220>>Tomcat started on port(s): 8080 (http) with context path ''
2021-09-30-14:30:20.463 INFO [main]-springfox.documentation.spring.web.plugins.DocumentationPluginsBootstrapper:160>>Context refreshed
2021-09-30-14:30:20.483 INFO [main]-springfox.documentation.spring.web.plugins.DocumentationPluginsBootstrapper:163>>Found 1 custom documentation plugin(s)
2021-09-30-14:30:20.525 INFO [main]-springfox.documentation.spring.web.scanners.ApiListingReferenceScanner:41>>Scanning for api listing references
2021-09-30-14:30:20.759 INFO [main]-springfox.documentation.spring.web.readers.operation.CachingOperationNameGenerator:40>>Generating unique operation named: listUsingGET_1
2021-09-30-14:30:20.787 INFO [main]-org.springframework.scheduling.quartz.SchedulerFactoryBean:727>>Starting Quartz Scheduler now
2021-09-30-14:30:20.788 INFO [main]-org.quartz.core.QuartzScheduler:547>>Scheduler quartzScheduler_$_NON_CLUSTERED started.
2021-09-30-14:30:20.805 INFO [main]-org.springframework.boot.StartupInfoLogger:61>>Started ApiApplication in 6.368 seconds (JVM running for 8.085)
2021-09-30-14:30:46.367 INFO [http-nio-8080-exec-1]-org.apache.juli.logging.DirectJDKLog:173>>Initializing Spring DispatcherServlet 'dispatcherServlet'
2021-09-30-14:30:46.372 INFO [http-nio-8080-exec-1]-org.springframework.web.servlet.FrameworkServlet:525>>Initializing Servlet 'dispatcherServlet'
2021-09-30-14:30:46.376 INFO [http-nio-8080-exec-1]-org.springframework.web.servlet.FrameworkServlet:547>>Completed initialization in 4 ms
2021-09-30-14:30:52.617 INFO [http-nio-8080-exec-6]-com.qfedu.fmmall.service.impl.OrderServiceImpl:43>>add order begin...
2021-09-30-14:30:52.620 INFO [http-nio-8080-exec-6]-com.qfedu.fmmall.service.impl.OrderServiceImpl:66>>product stock is OK...
2021-09-30-14:30:52.786 INFO [http-nio-8080-exec-6]-com.qfedu.fmmall.service.impl.OrderServiceImpl:100>>add order finished...
2021-09-30-14:35:08.101 INFO [main]-org.springframework.boot.StartupInfoLogger:55>>Starting ApiApplication using Java 1.8.0_271 on yhf with PID 12364 (D:\javacode\qfmall2\fmmall\api\target\classes started by Lenovo in D:\javacode\qfmall2\fmmall)
2021-09-30-14:35:08.105 INFO [main]-org.springframework.boot.SpringApplication:662>>No active profile set, falling back to default profiles: default
2021-09-30-14:35:09.823 WARN [main]-org.mybatis.logging.Logger:44>>No MyBatis mapper was found in '[com.qfedu.fmmall]' package. Please check your configuration.
2021-09-30-14:35:10.413 INFO [main]-org.springframework.boot.web.embedded.tomcat.TomcatWebServer:108>>Tomcat initialized with port(s): 8080 (http)
2021-09-30-14:35:10.426 INFO [main]-org.apache.juli.logging.DirectJDKLog:173>>Initializing ProtocolHandler ["http-nio-8080"]
2021-09-30-14:35:10.429 INFO [main]-org.apache.juli.logging.DirectJDKLog:173>>Starting service [Tomcat]
2021-09-30-14:35:10.430 INFO [main]-org.apache.juli.logging.DirectJDKLog:173>>Starting Servlet engine: [Apache Tomcat/9.0.44]
2021-09-30-14:35:10.589 INFO [main]-org.apache.juli.logging.DirectJDKLog:173>>Initializing Spring embedded WebApplicationContext
2021-09-30-14:35:10.590 INFO [main]-org.springframework.boot.web.servlet.context.ServletWebServerApplicationContext:289>>Root WebApplicationContext: initialization completed in 2399 ms
2021-09-30-14:35:10.726 INFO [main]-com.alibaba.druid.spring.boot.autoconfigure.DruidDataSourceAutoConfigure:56>>Init DruidDataSource
2021-09-30-14:35:10.895 INFO [main]-com.alibaba.druid.pool.DruidDataSource:994>>{dataSource-1} inited
2021-09-30-14:35:12.567 INFO [main]-springfox.documentation.spring.web.PropertySourcedRequestMappingHandlerMapping:69>>Mapped URL path [/v2/api-docs] onto method [springfox.documentation.swagger2.web.Swagger2Controller#getDocumentation(String, HttpServletRequest)]
2021-09-30-14:35:12.735 INFO [main]-org.springframework.scheduling.concurrent.ExecutorConfigurationSupport:181>>Initializing ExecutorService 'applicationTaskExecutor'
2021-09-30-14:35:12.912 INFO [main]-tk.mybatis.mapper.autoconfigure.MapperCacheDisabler:60>>Clear tk.mybatis.mapper.util.MsUtil CLASS_CACHE cache.
2021-09-30-14:35:12.913 INFO [main]-tk.mybatis.mapper.autoconfigure.MapperCacheDisabler:60>>Clear tk.mybatis.mapper.genid.GenIdUtil CACHE cache.
2021-09-30-14:35:12.914 INFO [main]-tk.mybatis.mapper.autoconfigure.MapperCacheDisabler:60>>Clear tk.mybatis.mapper.version.VersionUtil CACHE cache.
2021-09-30-14:35:12.915 INFO [main]-tk.mybatis.mapper.autoconfigure.MapperCacheDisabler:83>>Clear EntityHelper entityTableMap cache.
2021-09-30-14:35:12.985 INFO [main]-org.quartz.impl.StdSchedulerFactory:1220>>Using default implementation for ThreadExecutor
2021-09-30-14:35:12.997 INFO [main]-org.quartz.core.SchedulerSignalerImpl:61>>Initialized Scheduler Signaller of type: class org.quartz.core.SchedulerSignalerImpl
2021-09-30-14:35:12.998 INFO [main]-org.quartz.core.QuartzScheduler:229>>Quartz Scheduler v.2.3.2 created.
2021-09-30-14:35:12.999 INFO [main]-org.quartz.simpl.RAMJobStore:155>>RAMJobStore initialized.
2021-09-30-14:35:13.000 INFO [main]-org.quartz.core.QuartzScheduler:294>>Scheduler meta-data: Quartz Scheduler (v2.3.2) 'quartzScheduler' with instanceId 'NON_CLUSTERED'
  Scheduler class: 'org.quartz.core.QuartzScheduler' - running locally.
  NOT STARTED.
  Currently in standby mode.
  Number of jobs executed: 0
  Using thread pool 'org.quartz.simpl.SimpleThreadPool' - with 10 threads.
  Using job-store 'org.quartz.simpl.RAMJobStore' - which does not support persistence. and is not clustered.

2021-09-30-14:35:13.000 INFO [main]-org.quartz.impl.StdSchedulerFactory:1374>>Quartz scheduler 'quartzScheduler' initialized from an externally provided properties instance.
2021-09-30-14:35:13.000 INFO [main]-org.quartz.impl.StdSchedulerFactory:1378>>Quartz scheduler version: 2.3.2
2021-09-30-14:35:13.001 INFO [main]-org.quartz.core.QuartzScheduler:2293>>JobFactory set to: org.springframework.scheduling.quartz.SpringBeanJobFactory@4d09cade
2021-09-30-14:35:13.007 INFO [main]-org.springframework.scheduling.concurrent.ExecutorConfigurationSupport:181>>Initializing ExecutorService 'taskScheduler'
2021-09-30-14:35:13.072 INFO [main]-org.apache.juli.logging.DirectJDKLog:173>>Starting ProtocolHandler ["http-nio-8080"]
2021-09-30-14:35:13.098 INFO [main]-org.springframework.boot.web.embedded.tomcat.TomcatWebServer:220>>Tomcat started on port(s): 8080 (http) with context path ''
2021-09-30-14:35:13.099 INFO [main]-springfox.documentation.spring.web.plugins.DocumentationPluginsBootstrapper:160>>Context refreshed
2021-09-30-14:35:13.120 INFO [main]-springfox.documentation.spring.web.plugins.DocumentationPluginsBootstrapper:163>>Found 1 custom documentation plugin(s)
2021-09-30-14:35:13.178 INFO [main]-springfox.documentation.spring.web.scanners.ApiListingReferenceScanner:41>>Scanning for api listing references
2021-09-30-14:35:13.445 INFO [main]-springfox.documentation.spring.web.readers.operation.CachingOperationNameGenerator:40>>Generating unique operation named: listUsingGET_1
2021-09-30-14:35:13.468 INFO [main]-org.springframework.scheduling.quartz.SchedulerFactoryBean:727>>Starting Quartz Scheduler now
2021-09-30-14:35:13.468 INFO [main]-org.quartz.core.QuartzScheduler:547>>Scheduler quartzScheduler_$_NON_CLUSTERED started.
2021-09-30-14:35:13.484 INFO [main]-org.springframework.boot.StartupInfoLogger:61>>Started ApiApplication in 6.593 seconds (JVM running for 8.465)
2021-09-30-14:35:25.866 INFO [http-nio-8080-exec-1]-org.apache.juli.logging.DirectJDKLog:173>>Initializing Spring DispatcherServlet 'dispatcherServlet'
2021-09-30-14:35:25.867 INFO [http-nio-8080-exec-1]-org.springframework.web.servlet.FrameworkServlet:525>>Initializing Servlet 'dispatcherServlet'
2021-09-30-14:35:25.868 INFO [http-nio-8080-exec-1]-org.springframework.web.servlet.FrameworkServlet:547>>Completed initialization in 1 ms
2021-09-30-14:35:34.688 INFO [http-nio-8080-exec-6]-com.qfedu.fmmall.service.impl.OrderServiceImpl:43>>add order begin...
2021-09-30-14:35:34.691 INFO [http-nio-8080-exec-6]-com.qfedu.fmmall.service.impl.OrderServiceImpl:66>>product stock is OK...
2021-09-30-14:35:34.776 INFO [http-nio-8080-exec-6]-com.qfedu.fmmall.service.impl.OrderServiceImpl:100>>add order finished...
2021-09-30-14:54:05.943 INFO [main]-org.springframework.boot.StartupInfoLogger:55>>Starting ApiApplication using Java 1.8.0_271 on yhf with PID 6544 (D:\javacode\qfmall2\fmmall\api\target\classes started by Lenovo in D:\javacode\qfmall2\fmmall)
2021-09-30-14:54:05.946 INFO [main]-org.springframework.boot.SpringApplication:662>>No active profile set, falling back to default profiles: default
2021-09-30-14:54:08.683 WARN [main]-org.mybatis.logging.Logger:44>>No MyBatis mapper was found in '[com.qfedu.fmmall]' package. Please check your configuration.
2021-09-30-14:54:12.526 INFO [main]-org.springframework.boot.web.embedded.tomcat.TomcatWebServer:108>>Tomcat initialized with port(s): 8080 (http)
2021-09-30-14:54:12.554 INFO [main]-org.apache.juli.logging.DirectJDKLog:173>>Initializing ProtocolHandler ["http-nio-8080"]
2021-09-30-14:54:12.555 INFO [main]-org.apache.juli.logging.DirectJDKLog:173>>Starting service [Tomcat]
2021-09-30-14:54:12.555 INFO [main]-org.apache.juli.logging.DirectJDKLog:173>>Starting Servlet engine: [Apache Tomcat/9.0.44]
2021-09-30-14:54:13.613 INFO [main]-org.apache.juli.logging.DirectJDKLog:173>>Initializing Spring embedded WebApplicationContext
2021-09-30-14:54:13.613 INFO [main]-org.springframework.boot.web.servlet.context.ServletWebServerApplicationContext:289>>Root WebApplicationContext: initialization completed in 7564 ms
2021-09-30-14:54:13.884 INFO [main]-com.alibaba.druid.spring.boot.autoconfigure.DruidDataSourceAutoConfigure:56>>Init DruidDataSource
2021-09-30-14:54:16.465 INFO [main]-com.alibaba.druid.pool.DruidDataSource:994>>{dataSource-1} inited
2021-09-30-14:54:20.523 INFO [main]-springfox.documentation.spring.web.PropertySourcedRequestMappingHandlerMapping:69>>Mapped URL path [/v2/api-docs] onto method [springfox.documentation.swagger2.web.Swagger2Controller#getDocumentation(String, HttpServletRequest)]
2021-09-30-14:54:20.666 INFO [main]-org.springframework.scheduling.concurrent.ExecutorConfigurationSupport:181>>Initializing ExecutorService 'applicationTaskExecutor'
2021-09-30-14:54:21.224 INFO [main]-tk.mybatis.mapper.autoconfigure.MapperCacheDisabler:60>>Clear tk.mybatis.mapper.util.MsUtil CLASS_CACHE cache.
2021-09-30-14:54:21.225 INFO [main]-tk.mybatis.mapper.autoconfigure.MapperCacheDisabler:60>>Clear tk.mybatis.mapper.genid.GenIdUtil CACHE cache.
2021-09-30-14:54:21.226 INFO [main]-tk.mybatis.mapper.autoconfigure.MapperCacheDisabler:60>>Clear tk.mybatis.mapper.version.VersionUtil CACHE cache.
2021-09-30-14:54:21.227 INFO [main]-tk.mybatis.mapper.autoconfigure.MapperCacheDisabler:83>>Clear EntityHelper entityTableMap cache.
2021-09-30-14:54:21.292 INFO [main]-org.quartz.impl.StdSchedulerFactory:1220>>Using default implementation for ThreadExecutor
2021-09-30-14:54:21.304 INFO [main]-org.quartz.core.SchedulerSignalerImpl:61>>Initialized Scheduler Signaller of type: class org.quartz.core.SchedulerSignalerImpl
2021-09-30-14:54:21.305 INFO [main]-org.quartz.core.QuartzScheduler:229>>Quartz Scheduler v.2.3.2 created.
2021-09-30-14:54:21.306 INFO [main]-org.quartz.simpl.RAMJobStore:155>>RAMJobStore initialized.
2021-09-30-14:54:21.307 INFO [main]-org.quartz.core.QuartzScheduler:294>>Scheduler meta-data: Quartz Scheduler (v2.3.2) 'quartzScheduler' with instanceId 'NON_CLUSTERED'
  Scheduler class: 'org.quartz.core.QuartzScheduler' - running locally.
  NOT STARTED.
  Currently in standby mode.
  Number of jobs executed: 0
  Using thread pool 'org.quartz.simpl.SimpleThreadPool' - with 10 threads.
  Using job-store 'org.quartz.simpl.RAMJobStore' - which does not support persistence. and is not clustered.

2021-09-30-14:54:21.307 INFO [main]-org.quartz.impl.StdSchedulerFactory:1374>>Quartz scheduler 'quartzScheduler' initialized from an externally provided properties instance.
2021-09-30-14:54:21.307 INFO [main]-org.quartz.impl.StdSchedulerFactory:1378>>Quartz scheduler version: 2.3.2
2021-09-30-14:54:21.308 INFO [main]-org.quartz.core.QuartzScheduler:2293>>JobFactory set to: org.springframework.scheduling.quartz.SpringBeanJobFactory@7945b206
2021-09-30-14:54:21.314 INFO [main]-org.springframework.scheduling.concurrent.ExecutorConfigurationSupport:181>>Initializing ExecutorService 'taskScheduler'
2021-09-30-14:54:21.381 INFO [main]-org.apache.juli.logging.DirectJDKLog:173>>Starting ProtocolHandler ["http-nio-8080"]
2021-09-30-14:54:21.635 INFO [main]-org.springframework.boot.web.embedded.tomcat.TomcatWebServer:220>>Tomcat started on port(s): 8080 (http) with context path ''
2021-09-30-14:54:21.637 INFO [main]-springfox.documentation.spring.web.plugins.DocumentationPluginsBootstrapper:160>>Context refreshed
2021-09-30-14:54:21.662 INFO [main]-springfox.documentation.spring.web.plugins.DocumentationPluginsBootstrapper:163>>Found 1 custom documentation plugin(s)
2021-09-30-14:54:21.703 INFO [main]-springfox.documentation.spring.web.scanners.ApiListingReferenceScanner:41>>Scanning for api listing references
2021-09-30-14:54:22.061 INFO [main]-springfox.documentation.spring.web.readers.operation.CachingOperationNameGenerator:40>>Generating unique operation named: listUsingGET_1
2021-09-30-14:54:22.095 INFO [main]-org.springframework.scheduling.quartz.SchedulerFactoryBean:727>>Starting Quartz Scheduler now
2021-09-30-14:54:22.095 INFO [main]-org.quartz.core.QuartzScheduler:547>>Scheduler quartzScheduler_$_NON_CLUSTERED started.
2021-09-30-14:54:22.129 INFO [main]-org.springframework.boot.StartupInfoLogger:61>>Started ApiApplication in 17.938 seconds (JVM running for 23.722)
2021-09-30-14:55:35.326 INFO [http-nio-8080-exec-10]-org.apache.juli.logging.DirectJDKLog:173>>Initializing Spring DispatcherServlet 'dispatcherServlet'
2021-09-30-14:55:35.326 INFO [http-nio-8080-exec-10]-org.springframework.web.servlet.FrameworkServlet:525>>Initializing Servlet 'dispatcherServlet'
2021-09-30-14:55:35.328 INFO [http-nio-8080-exec-10]-org.springframework.web.servlet.FrameworkServlet:547>>Completed initialization in 1 ms
2021-09-30-14:56:55.001 INFO [http-nio-8080-exec-9]-com.qfedu.fmmall.service.impl.OrderServiceImpl:43>>add order begin...
2021-09-30-14:56:55.003 INFO [http-nio-8080-exec-9]-com.qfedu.fmmall.service.impl.OrderServiceImpl:66>>product stock is OK...
2021-09-30-14:56:55.193 INFO [http-nio-8080-exec-9]-com.qfedu.fmmall.service.impl.OrderServiceImpl:100>>add order finished...
